21:59:44.547 [main] INFO  2020-04-15 21:59:44,547  [com.say.say.SayApplication]
					logStarting:50 : Starting SayApplication on gavrilo-System-Product-Name with PID 10927 (/home/gavrilo/Desktop/ja/projekti/Say/say/target/classes started by gavrilo in /home/gavrilo/Desktop/ja/projekti/Say/say)
21:59:44.564 [main] DEBUG 2020-04-15 21:59:44,564  [com.say.say.SayApplication]
					logStarting:53 : Running with Spring Boot v2.1.8.RELEASE, Spring v5.1.9.RELEASE
21:59:44.566 [main] INFO  2020-04-15 21:59:44,566  [com.say.say.SayApplication]
					logStartupProfileInfo:648 : No active profile set, falling back to default profiles: default
21:59:53.741 [main] INFO  2020-04-15 21:59:53,741  [org.hibernate.jpa.internal.util.LogHelper]
					logPersistenceUnitInformation:31 : HHH000204: Processing PersistenceUnitInfo [
	name: default
	...]
21:59:54.147 [main] INFO  2020-04-15 21:59:54,147  [org.hibernate.Version]
					logVersion:46 : HHH000412: Hibernate Core {5.3.11.Final}
21:59:54.150 [main] INFO  2020-04-15 21:59:54,150  [org.hibernate.cfg.Environment]
					<clinit>:213 : HHH000206: hibernate.properties not found
21:59:54.895 [main] INFO  2020-04-15 21:59:54,895  [org.hibernate.annotations.common.Version]
					<clinit>:49 : HCANN000001: Hibernate Commons Annotations {5.0.4.Final}
21:59:55.586 [main] INFO  2020-04-15 21:59:55,586  [org.hibernate.dialect.Dialect]
					<init>:157 : HHH000400: Using dialect: org.hibernate.dialect.MySQL5InnoDBDialect
21:59:56.588 [main] WARN  2020-04-15 21:59:56,588  [org.hibernate.mapping.RootClass]
					checkCompositeIdentifier:287 : HHH000038: Composite-id class does not override equals(): com.say.say.model.UserRoleKey
21:59:56.589 [main] WARN  2020-04-15 21:59:56,589  [org.hibernate.mapping.RootClass]
					checkCompositeIdentifier:290 : HHH000039: Composite-id class does not override hashCode(): com.say.say.model.UserRoleKey
